{"code":"ENOTFOUND","errno":-3008,"hostname":"cherry.pikamc.vn:25005","level":"error","message":"Bot error getaddrinfo ENOTFOUND cherry.pikamc.vn:25005","stack":"Error: getaddrinfo ENOTFOUND cherry.pikamc.vn:25005\n    at GetAddrInfoReqWrap.onlookupall [as oncomplete] (node:dns:120:26)","syscall":"getaddrinfo","timestamp":"2025-06-16T14:58:04.019Z"}
{"code":"ENOTFOUND","errno":-3008,"hostname":"cherry.pikamc.vn:25005","level":"error","message":"Bot error getaddrinfo ENOTFOUND cherry.pikamc.vn:25005","stack":"Error: getaddrinfo ENOTFOUND cherry.pikamc.vn:25005\n    at GetAddrInfoReqWrap.onlookupall [as oncomplete] (node:dns:120:26)","syscall":"getaddrinfo","timestamp":"2025-06-16T14:58:14.558Z"}
{"code":"ECONNRESET","errno":-104,"level":"error","message":"Bot error read ECONNRESET","stack":"Error: read ECONNRESET\n    at TCP.onStreamRead (node:internal/stream_base_commons:218:20)","syscall":"read","timestamp":"2025-06-17T00:51:21.324Z"}
{"code":"ECONNRESET","errno":-104,"level":"error","message":"Bot error read ECONNRESET","stack":"Error: read ECONNRESET\n    at TCP.onStreamRead (node:internal/stream_base_commons:218:20)","syscall":"read","timestamp":"2025-06-17T01:14:28.155Z"}
{"botId":"bot_3","error":"Connection ended before spawn: socketClosed","level":"error","message":"Bot connection failed","timestamp":"2025-06-17T01:34:30.095Z"}
{"botId":"bot_1","error":"Connection ended before spawn: socketClosed","level":"error","message":"Bot connection failed","timestamp":"2025-06-17T01:34:30.151Z"}
{"botId":"bot_2","error":"Connection ended before spawn: socketClosed","level":"error","message":"Bot connection failed","timestamp":"2025-06-17T01:34:30.424Z"}
{"code":"ENOTFOUND","errno":-3008,"hostname":"cherry.pikamc.vn:25005","level":"error","message":"Bot error getaddrinfo ENOTFOUND cherry.pikamc.vn:25005","stack":"Error: getaddrinfo ENOTFOUND cherry.pikamc.vn:25005\n    at GetAddrInfoReqWrap.onlookupall [as oncomplete] (node:dns:120:26)","syscall":"getaddrinfo","timestamp":"2025-06-22T02:40:05.002Z"}
{"botId":"bot_3","error":"Connection ended before spawn: socketClosed","level":"error","message":"Bot connection failed","timestamp":"2025-06-22T02:41:06.983Z"}
{"botId":"bot_3","error":"Connection ended before spawn: socketClosed","level":"error","message":"Bot connection failed","timestamp":"2025-06-22T02:51:38.320Z"}
{"botId":"bot_6","error":"Connection ended before spawn: socketClosed","level":"error","message":"Bot connection failed","timestamp":"2025-06-22T02:51:49.811Z"}
{"code":"ECONNRESET","errno":-104,"level":"error","message":"Bot error read ECONNRESET","stack":"Error: read ECONNRESET\n    at TCP.onStreamRead (node:internal/stream_base_commons:218:20)","syscall":"read","timestamp":"2025-06-22T02:57:35.759Z"}
{"botId":"bot_3","error":"Server closed the connection. This might be due to:\n  - Server anti-bot protection\n  - Invalid client version\n  - Server whitelist/IP restrictions","level":"error","message":"Bot connection failed","timestamp":"2025-06-22T02:57:35.761Z"}
{"botId":"bot_6","error":"Connection ended before spawn: socketClosed","level":"error","message":"Bot connection failed","timestamp":"2025-06-22T02:57:47.287Z"}
{"botId":"bot_8","error":"Connection ended before spawn: socketClosed","level":"error","message":"Bot connection failed","timestamp":"2025-06-22T02:57:59.955Z"}
{"botId":"bot_9","error":"Connection timeout - server may be offline or unreachable","level":"error","message":"Bot connection failed","timestamp":"2025-06-22T03:05:06.534Z"}
{"botId":"bot_10","error":"Connection ended before spawn: socketClosed","level":"error","message":"Bot connection failed","timestamp":"2025-06-22T03:05:07.799Z"}
{"code":"ENOTFOUND","errno":-3008,"hostname":"git","level":"error","message":"Bot error getaddrinfo ENOTFOUND git","stack":"Error: getaddrinfo ENOTFOUND git\n    at GetAddrInfoReqWrap.onlookupall [as oncomplete] (node:dns:120:26)","syscall":"getaddrinfo","timestamp":"2025-06-22T03:37:38.956Z"}
{"botId":"bot_1","error":"Server not found. Check the server address","level":"error","message":"Bot connection failed","timestamp":"2025-06-22T03:37:38.960Z"}
{"code":"ENOTFOUND","errno":-3008,"hostname":"git","level":"error","message":"Bot error getaddrinfo ENOTFOUND git","stack":"Error: getaddrinfo ENOTFOUND git\n    at GetAddrInfoReqWrap.onlookupall [as oncomplete] (node:dns:120:26)","syscall":"getaddrinfo","timestamp":"2025-06-22T03:37:43.702Z"}
{"botId":"bot_2","error":"Server not found. Check the server address","level":"error","message":"Bot connection failed","timestamp":"2025-06-22T03:37:43.703Z"}
{"code":"ENOTFOUND","errno":-3008,"hostname":"git","level":"error","message":"Bot error getaddrinfo ENOTFOUND git","stack":"Error: getaddrinfo ENOTFOUND git\n    at GetAddrInfoReqWrap.onlookupall [as oncomplete] (node:dns:120:26)","syscall":"getaddrinfo","timestamp":"2025-06-22T03:37:48.705Z"}
{"botId":"bot_3","error":"Server not found. Check the server address","level":"error","message":"Bot connection failed","timestamp":"2025-06-22T03:37:48.706Z"}
